{
  "stats": {
    "suites": 1,
    "tests": 2,
    "passes": 2,
    "pending": 0,
    "failures": 0,
    "start": "2024-08-15T05:55:10.168Z",
    "end": "2024-08-15T05:55:10.788Z",
    "duration": 620,
    "testsRegistered": 2,
    "passPercent": 100,
    "pendingPercent": 0,
    "other": 0,
    "hasOther": false,
    "skipped": 0,
    "hasSkipped": false
  },
  "results": [
    {
      "uuid": "97612aed-59af-434f-87c3-0759c6bfd5cd",
      "title": "",
      "fullFile": "E:\\Digital Skola\\api-test-ds-batch5\\test\\test-framework.js",
      "file": "\\test\\test-framework.js",
      "beforeHooks": [],
      "afterHooks": [],
      "tests": [],
      "suites": [
        {
          "uuid": "926de10e-a73f-49f4-b7f3-4b771d1257a3",
          "title": "API Test for \"restful-api.dev\"",
          "fullFile": "E:\\Digital Skola\\api-test-ds-batch5\\test\\test-framework.js",
          "file": "\\test\\test-framework.js",
          "beforeHooks": [],
          "afterHooks": [],
          "tests": [
            {
              "title": "Test - Get All objects",
              "fullTitle": "API Test for \"restful-api.dev\" Test - Get All objects",
              "timedOut": false,
              "duration": 414,
              "state": "passed",
              "speed": "slow",
              "pass": true,
              "fail": false,
              "pending": false,
              "context": null,
              "code": "const response = await request(LINK_URL)\n.get(\"objects\")\n//console.log(response.statusCode);\n//console.log(response.body);\n//assertion\nassert.equal(response.statusCode, 200)\nassert.equal(response.body[0].name, \"Google Pixel 6 Pro\")\nassert.equal(response.body[0].data.color, \"Cloudy White\")",
              "err": {},
              "uuid": "32708766-2ba2-4c35-9d77-f099c09608b3",
              "parentUUID": "926de10e-a73f-49f4-b7f3-4b771d1257a3",
              "isHook": false,
              "skipped": false
            },
            {
              "title": "Test - Post Store Object",
              "fullTitle": "API Test for \"restful-api.dev\" Test - Post Store Object",
              "timedOut": false,
              "duration": 191,
              "state": "passed",
              "speed": "slow",
              "pass": true,
              "fail": false,
              "pending": false,
              "context": null,
              "code": "const body = {\n    \"name\": \"Apple MacBook Pro 16\",\n    \"data\": {\n       \"year\": 2019,\n       \"price\": 1849.99,\n       \"CPU model\": \"Intel Core i9\",\n       \"Hard disk size\": \"1 TB\"\n    }\n }\nconst response = await request(LINK_URL)\n.post(\"objects\")\n.send(body)\n//console.log(response.statusCode);\n//console.log(response.body);\n//assertion\nshould(response.statusCode == 201)\n\nconst schemaPath = \"resources/jsonSchema/post-object-schema.json\"\nconst jsonSchema = JSON.parse(fs.readFileSync(schemaPath, 'utf8'))\nassert.jsonSchema(response.body, jsonSchema)",
              "err": {},
              "uuid": "a07ddf1d-25ef-4e8a-83f2-4c467869a168",
              "parentUUID": "926de10e-a73f-49f4-b7f3-4b771d1257a3",
              "isHook": false,
              "skipped": false
            }
          ],
          "suites": [],
          "passes": [
            "32708766-2ba2-4c35-9d77-f099c09608b3",
            "a07ddf1d-25ef-4e8a-83f2-4c467869a168"
          ],
          "failures": [],
          "pending": [],
          "skipped": [],
          "duration": 605,
          "root": false,
          "rootEmpty": false,
          "_timeout": 2000
        }
      ],
      "passes": [],
      "failures": [],
      "pending": [],
      "skipped": [],
      "duration": 0,
      "root": true,
      "rootEmpty": true,
      "_timeout": 2000
    }
  ],
  "meta": {
    "mocha": {
      "version": "10.7.3"
    },
    "mochawesome": {
      "options": {
        "quiet": false,
        "reportFilename": "mochawesome",
        "saveHtml": true,
        "saveJson": true,
        "consoleReporter": "spec",
        "useInlineDiffs": false,
        "code": true
      },
      "version": "7.1.3"
    },
    "marge": {
      "options": null,
      "version": "6.2.0"
    }
  }
}